Flow report for finalProject
Tue Apr 19 12:53:05 2016
Quartus II 64-Bit Version 15.0.0 Build 145 04/22/2015 SJ Full Version


---------------------
; Table of Contents ;
---------------------
  1. Legal Notice
  2. Flow Summary
  3. Flow Settings
  4. Flow Non-Default Global Settings
  5. Flow Elapsed Time
  6. Flow OS Summary
  7. Flow Log
  8. Flow Messages
  9. Flow Suppressed Messages



----------------
; Legal Notice ;
----------------
Copyright (C) 1991-2015 Altera Corporation. All rights reserved.
Your use of Altera Corporation's design tools, logic functions 
and other software and tools, and its AMPP partner logic 
functions, and any output files from any of the foregoing 
(including device programming or simulation files), and any 
associated documentation or information are expressly subject 
to the terms and conditions of the Altera Program License 
Subscription Agreement, the Altera Quartus II License Agreement,
the Altera MegaCore Function License Agreement, or other 
applicable license agreement, including, without limitation, 
that your use is for the sole purpose of programming logic 
devices manufactured by Altera and sold by Altera or its 
authorized distributors.  Please refer to the applicable 
agreement for further details.



+----------------------------------------------------------------------------------+
; Flow Summary                                                                     ;
+------------------------------------+---------------------------------------------+
; Flow Status                        ; Successful - Tue Apr 19 12:52:53 2016       ;
; Quartus II 64-Bit Version          ; 15.0.0 Build 145 04/22/2015 SJ Full Version ;
; Revision Name                      ; finalProject                                ;
; Top-level Entity Name              ; finalProjectTopLevel                        ;
; Family                             ; Cyclone IV E                                ;
; Device                             ; EP4CE115F29C7                               ;
; Timing Models                      ; Final                                       ;
; Total logic elements               ; 3,304 / 114,480 ( 3 % )                     ;
;     Total combinational functions  ; 2,645 / 114,480 ( 2 % )                     ;
;     Dedicated logic registers      ; 2,118 / 114,480 ( 2 % )                     ;
; Total registers                    ; 2237                                        ;
; Total pins                         ; 128 / 529 ( 24 % )                          ;
; Total virtual pins                 ; 0                                           ;
; Total memory bits                  ; 11,392 / 3,981,312 ( < 1 % )                ;
; Embedded Multiplier 9-bit elements ; 0 / 532 ( 0 % )                             ;
; Total PLLs                         ; 1 / 4 ( 25 % )                              ;
+------------------------------------+---------------------------------------------+


+-----------------------------------------+
; Flow Settings                           ;
+-------------------+---------------------+
; Option            ; Setting             ;
+-------------------+---------------------+
; Start date & time ; 04/19/2016 12:51:02 ;
; Main task         ; Compilation         ;
; Revision Name     ; finalProject        ;
+-------------------+---------------------+


+---------------------------------------------------------------------------------------------------------------------------------------------------------+
; Flow Non-Default Global Settings                                                                                                                        ;
+-------------------------------------+---------------------------------------------------------------+---------------+----------------------+------------+
; Assignment Name                     ; Value                                                         ; Default Value ; Entity Name          ; Section Id ;
+-------------------------------------+---------------------------------------------------------------+---------------+----------------------+------------+
; COMPILER_SIGNATURE_ID               ; 71094330539540.146108826112036                                ; --            ; --                   ; --         ;
; FLOW_ENABLE_POWER_ANALYZER          ; On                                                            ; Off           ; --                   ; --         ;
; MAX_CORE_JUNCTION_TEMP              ; 85                                                            ; --            ; --                   ; --         ;
; MIN_CORE_JUNCTION_TEMP              ; 0                                                             ; --            ; --                   ; --         ;
; MISC_FILE                           ; nios_system/synthesis/../nios_system.cmp                      ; --            ; --                   ; --         ;
; MISC_FILE                           ; nios_system/synthesis/../../nios_system.qsys                  ; --            ; --                   ; --         ;
; PARTITION_COLOR                     ; 16764057                                                      ; --            ; DE2_115_Default      ; Top        ;
; PARTITION_COLOR                     ; 16764057                                                      ; --            ; finalProjectTopLevel ; Top        ;
; PARTITION_FITTER_PRESERVATION_LEVEL ; PLACEMENT_AND_ROUTING                                         ; --            ; DE2_115_Default      ; Top        ;
; PARTITION_FITTER_PRESERVATION_LEVEL ; PLACEMENT_AND_ROUTING                                         ; --            ; finalProjectTopLevel ; Top        ;
; PARTITION_NETLIST_TYPE              ; SOURCE                                                        ; --            ; DE2_115_Default      ; Top        ;
; PARTITION_NETLIST_TYPE              ; SOURCE                                                        ; --            ; finalProjectTopLevel ; Top        ;
; POWER_BOARD_THERMAL_MODEL           ; None (CONSERVATIVE)                                           ; --            ; --                   ; --         ;
; POWER_DEFAULT_INPUT_IO_TOGGLE_RATE  ; 12.5 %                                                        ; 12.5%         ; --                   ; --         ;
; POWER_PRESET_COOLING_SOLUTION       ; 23 MM HEAT SINK WITH 200 LFPM AIRFLOW                         ; --            ; --                   ; --         ;
; SLD_FILE                            ; nios_system/synthesis/nios_system.regmap                      ; --            ; --                   ; --         ;
; SLD_FILE                            ; nios_system/synthesis/nios_system.debuginfo                   ; --            ; --                   ; --         ;
; SLD_INFO                            ; QSYS_NAME nios_system HAS_SOPCINFO 1 GENERATION_ID 1461087867 ; --            ; nios_system          ; --         ;
; SOPCINFO_FILE                       ; nios_system/synthesis/../../nios_system.sopcinfo              ; --            ; --                   ; --         ;
; SYNTHESIS_ONLY_QIP                  ; On                                                            ; --            ; --                   ; --         ;
; TOP_LEVEL_ENTITY                    ; finalProjectTopLevel                                          ; finalProject  ; --                   ; --         ;
+-------------------------------------+---------------------------------------------------------------+---------------+----------------------+------------+


+-------------------------------------------------------------------------------------------------------------------------------+
; Flow Elapsed Time                                                                                                             ;
+---------------------------+--------------+-------------------------+---------------------+------------------------------------+
; Module Name               ; Elapsed Time ; Average Processors Used ; Peak Virtual Memory ; Total CPU Time (on all processors) ;
+---------------------------+--------------+-------------------------+---------------------+------------------------------------+
; Analysis & Synthesis      ; 00:00:44     ; 1.0                     ; 861 MB              ; 00:00:58                           ;
; Fitter                    ; 00:00:30     ; 1.3                     ; 1662 MB             ; 00:00:30                           ;
; Assembler                 ; 00:00:06     ; 1.0                     ; 631 MB              ; 00:00:05                           ;
; PowerPlay Power Analyzer  ; 00:00:11     ; 1.0                     ; 802 MB              ; 00:00:11                           ;
; TimeQuest Timing Analyzer ; 00:00:08     ; 1.0                     ; 837 MB              ; 00:00:04                           ;
; Total                     ; 00:01:39     ; --                      ; --                  ; 00:01:48                           ;
+---------------------------+--------------+-------------------------+---------------------+------------------------------------+


+----------------------------------------------------------------------------------------+
; Flow OS Summary                                                                        ;
+---------------------------+------------------+-----------+------------+----------------+
; Module Name               ; Machine Hostname ; OS Name   ; OS Version ; Processor type ;
+---------------------------+------------------+-----------+------------+----------------+
; Analysis & Synthesis      ; ECEB-3022-07     ; Windows 7 ; 6.1        ; x86_64         ;
; Fitter                    ; ECEB-3022-07     ; Windows 7 ; 6.1        ; x86_64         ;
; Assembler                 ; ECEB-3022-07     ; Windows 7 ; 6.1        ; x86_64         ;
; PowerPlay Power Analyzer  ; ECEB-3022-07     ; Windows 7 ; 6.1        ; x86_64         ;
; TimeQuest Timing Analyzer ; ECEB-3022-07     ; Windows 7 ; 6.1        ; x86_64         ;
+---------------------------+------------------+-----------+------------+----------------+


------------
; Flow Log ;
------------
quartus_map --read_settings_files=on --write_settings_files=off finalProject -c finalProject
quartus_fit --read_settings_files=off --write_settings_files=off finalProject -c finalProject
quartus_asm --read_settings_files=off --write_settings_files=off finalProject -c finalProject
quartus_pow --read_settings_files=off --write_settings_files=off finalProject -c finalProject
quartus_sta finalProject -c finalProject



